[13May2025 00:00:56.264] [Server thread/INFO] [net.minecraft.server.network.ServerLoginPacketListenerImpl/]: com.mojang.authlib.GameProfile@33127c75[id=<null>,name=Dortodoloncio,properties={},legacy=false] (/127.221.252.161:53945) lost connection: Disconnected
[13May2025 00:01:18.501] [Server thread/INFO] [net.minecraft.server.MinecraftServer/]: Amorger2 was slain by Halloweed
[13May2025 00:01:18.505] [Server thread/INFO] [com.tiviacz.travelersbackpack.TravelersBackpack/]: Created new backpack backup file for Amorger2 with unique ID travelersbackpack.pig_13.05.2025-00.01.18.dat
[13May2025 00:01:21.608] [Server thread/INFO] [net.minecraft.server.network.ServerLoginPacketListenerImpl/]: com.mojang.authlib.GameProfile@4164435a[id=<null>,name=Dortodoloncio,properties={},legacy=false] (/127.221.252.161:35037) lost connection: Disconnected
[13May2025 00:01:46.411] [Server thread/INFO] [net.minecraft.server.network.ServerLoginPacketListenerImpl/]: com.mojang.authlib.GameProfile@25f86af8[id=<null>,name=Dortodoloncio,properties={},legacy=false] (/127.221.252.161:35253) lost connection: Disconnected
[13May2025 00:02:01.411] [Server thread/INFO] [net.minecraft.server.network.ServerLoginPacketListenerImpl/]: com.mojang.authlib.GameProfile@758ebc34[id=<null>,name=Dortodoloncio,properties={},legacy=false] (/127.221.252.161:48465) lost connection: Disconnected
[13May2025 00:02:57.709] [Server thread/INFO] [net.minecraft.server.network.ServerLoginPacketListenerImpl/]: com.mojang.authlib.GameProfile@5389d635[id=<null>,name=Dortodoloncio,properties={},legacy=false] (/127.221.252.161:54677) lost connection: Disconnected
[13May2025 00:03:40.120] [Server thread/INFO] [net.minecraft.server.players.PlayerList/]: Dortodoloncio[/127.221.252.161:45211] logged in with entity id 60892 at (79.23930002968795, 80.0, 67.69999998807907)
[13May2025 00:03:40.159] [Server thread/INFO] [net.minecraft.server.MinecraftServer/]: Dortodoloncio joined the game
[13May2025 00:04:42.454] [Server thread/INFO] [net.minecraft.server.MinecraftServer/]: Amorger2 was slain by Halloweed
[13May2025 00:04:42.458] [Server thread/INFO] [com.tiviacz.travelersbackpack.TravelersBackpack/]: Created new backpack backup file for Amorger2 with unique ID travelersbackpack.pig_13.05.2025-00.04.42.dat
[13May2025 00:04:45.232] [Server thread/INFO] [net.minecraft.world.entity.npc.Villager/]: Villager Villager['Villager'/61604, l='ServerLevel[world]', x=177.70, y=74.00, z=203.70] died, message: 'Villager suffocated in a wall'
[13May2025 00:07:44.908] [Server thread/INFO] [net.minecraft.server.MinecraftServer/]: Amorger2 was slain by Husk
[13May2025 00:07:44.912] [Server thread/INFO] [com.tiviacz.travelersbackpack.TravelersBackpack/]: Created new backpack backup file for Amorger2 with unique ID travelersbackpack.pig_13.05.2025-00.07.44.dat
[13May2025 00:07:55.320] [Server thread/INFO] [net.minecraft.server.MinecraftServer/]: [Amorger2: Set own game mode to Creative Mode]
[13May2025 00:08:16.487] [Server thread/INFO] [net.minecraft.server.MinecraftServer/]: [Amorger2: Set own game mode to Survival Mode]
[13May2025 00:08:38.365] [Server thread/INFO] [net.minecraft.server.MinecraftServer/]: Amorger2 was slain by Husk
[13May2025 00:18:09.117] [Server thread/INFO] [net.minecraft.server.MinecraftServer/]: Amorger2 was slain by Halloweed
[13May2025 00:18:09.121] [Server thread/INFO] [com.tiviacz.travelersbackpack.TravelersBackpack/]: Created new backpack backup file for Amorger2 with unique ID travelersbackpack.pig_13.05.2025-00.18.09.dat
[13May2025 00:18:18.468] [Server thread/INFO] [net.minecraft.server.MinecraftServer/]: [Amorger2: Set own game mode to Creative Mode]
[13May2025 00:18:33.274] [Server thread/INFO] [net.minecraft.server.MinecraftServer/]: [Amorger2: Set own game mode to Survival Mode]
[13May2025 00:26:36.030] [Server thread/INFO] [net.minecraft.server.MinecraftServer/]: Unknown or incomplete command, see below for error
[13May2025 00:26:36.030] [Server thread/INFO] [net.minecraft.server.MinecraftServer/]: hola<--[HERE]
[13May2025 00:31:44.607] [Server thread/WARN] [net.minecraft.server.network.ServerGamePacketListenerImpl/]: Dortodoloncio was kicked for floating too long!
[13May2025 00:31:44.663] [Server thread/INFO] [net.minecraft.server.network.ServerGamePacketListenerImpl/]: Dortodoloncio lost connection: Flying is not enabled on this server
[13May2025 00:31:44.663] [Server thread/INFO] [net.minecraft.server.MinecraftServer/]: Dortodoloncio left the game
[13May2025 00:32:02.670] [Server thread/INFO] [net.minecraft.server.players.PlayerList/]: Dortodoloncio[/127.221.252.161:50741] logged in with entity id 90561 at (-861.6073662833653, 71.98091198583573, -927.6862512641804)
[13May2025 00:32:02.708] [Server thread/INFO] [net.minecraft.server.MinecraftServer/]: Dortodoloncio joined the game
[13May2025 00:32:06.108] [Server thread/INFO] [net.minecraft.server.MinecraftServer/]: Dortodoloncio fell from a high place
[13May2025 00:32:06.115] [Server thread/INFO] [com.tiviacz.travelersbackpack.TravelersBackpack/]: Created new backpack backup file for Dortodoloncio with unique ID travelersbackpack.emerald_13.05.2025-00.32.06.dat
[13May2025 00:33:29.756] [Server thread/INFO] [net.minecraft.server.MinecraftServer/]: Dortodoloncio fell from a high place
[13May2025 00:33:29.763] [Server thread/INFO] [com.tiviacz.travelersbackpack.TravelersBackpack/]: Created new backpack backup file for Dortodoloncio with unique ID travelersbackpack.emerald_13.05.2025-00.33.29.dat
[13May2025 00:34:42.256] [Server thread/INFO] [net.minecraft.server.MinecraftServer/]: Dortodoloncio was doomed to fall
[13May2025 00:34:42.263] [Server thread/INFO] [com.tiviacz.travelersbackpack.TravelersBackpack/]: Created new backpack backup file for Dortodoloncio with unique ID travelersbackpack.emerald_13.05.2025-00.34.42.dat
[13May2025 00:39:04.055] [Server thread/INFO] [net.minecraft.server.network.ServerGamePacketListenerImpl/]: Dortodoloncio lost connection: Disconnected
[13May2025 00:39:04.056] [Server thread/INFO] [net.minecraft.server.MinecraftServer/]: Dortodoloncio left the game
